<component name="libraryTable">
  <library name="junit-4.12 01.48.28">
    <CLASSES>
      <root url="jar://$PROJECT_DIR$/libs/junit-4.12 01.48.28.jar!/" />
    </CLASSES>
    <JAVADOC />
    <SOURCES />
  </library>
</component>